This file contains any messages produced by compilers while
running configure, to aid debugging if configure makes a mistake.

It was created by APPLgrid configure 1.5.34, which was
generated by GNU Autoconf 2.69.  Invocation command line was

  $ ./configure --prefix=/afs/desy.de/user/v/volinar/APPLgrid_development/Main/

## --------- ##
## Platform. ##
## --------- ##

hostname = naf-cms11.desy.de
uname -m = x86_64
uname -r = 2.6.32-754.11.1.el6.x86_64
uname -s = Linux
uname -v = #1 SMP Tue Feb 26 08:40:39 CST 2019

/usr/bin/uname -p = unknown
/bin/uname -X     = unknown

/bin/arch              = x86_64
/usr/bin/arch -k       = unknown
/usr/convex/getsysinfo = unknown
/usr/bin/hostinfo      = unknown
/bin/machine           = unknown
/usr/bin/oslevel       = unknown
/bin/universe          = unknown

PATH: /afs/desy.de/user/v/volinar/APPLgrid_development/Main/bin/
PATH: /cvmfs/sft.cern.ch/lcg/app/releases/ROOT/5.34.19/x86_64-slc6-gcc48-opt/root/bin
PATH: /cvmfs/sft.cern.ch/lcg/contrib/gcc/4.8/x86_64-slc6/bin
PATH: /afs/desy.de/common/passwd
PATH: /usr/local/bin
PATH: /bin
PATH: /usr/bin
PATH: /afs/desy.de/user/v/volinar/bin
PATH: /usr/local/sbin
PATH: /usr/sbin
PATH: /sbin
PATH: /cvmfs/grid.cern.ch/emi-ui-3.17.1-1.el6umd4v5/bin
PATH: /cvmfs/grid.cern.ch/emi-ui-3.17.1-1.el6umd4v5/sbin
PATH: /cvmfs/grid.cern.ch/emi-ui-3.17.1-1.el6umd4v5/usr/bin
PATH: /cvmfs/grid.cern.ch/emi-ui-3.17.1-1.el6umd4v5/usr/sbin
PATH: /opt/puppetlabs/bin
PATH: /opt/dell/srvadmin/bin


## ----------- ##
## Core tests. ##
## ----------- ##

configure:2314: checking for a BSD-compatible install
configure:2382: result: /usr/bin/install -c
configure:2393: checking whether build environment is sane
configure:2448: result: yes
configure:2599: checking for a thread-safe mkdir -p
configure:2638: result: /bin/mkdir -p
configure:2645: checking for gawk
configure:2661: found /bin/gawk
configure:2672: result: gawk
configure:2683: checking whether make sets $(MAKE)
configure:2705: result: yes
configure:2734: checking whether make supports nested variables
configure:2751: result: yes
configure:2937: checking for gcc
configure:2964: result: /cvmfs/sft.cern.ch/lcg/contrib/gcc/4.8/x86_64-slc6/bin/gcc
configure:3193: checking for C compiler version
configure:3202: /cvmfs/sft.cern.ch/lcg/contrib/gcc/4.8/x86_64-slc6/bin/gcc --version >&5
gcc (GCC) 4.8.4
Copyright (C) 2013 Free Software Foundation, Inc.
This is free software; see the source for copying conditions.  There is NO
warranty; not even for MERCHANTABILITY or FITNESS FOR A PARTICULAR PURPOSE.

configure:3213: $? = 0
configure:3202: /cvmfs/sft.cern.ch/lcg/contrib/gcc/4.8/x86_64-slc6/bin/gcc -v >&5
Using built-in specs.
COLLECT_GCC=/cvmfs/sft.cern.ch/lcg/contrib/gcc/4.8/x86_64-slc6/bin/gcc
COLLECT_LTO_WRAPPER=/cvmfs/sft.cern.ch/lcg/contrib/gcc/4.8.4/x86_64-slc6/bin/../libexec/gcc/x86_64-unknown-linux-gnu/4.8.4/lto-wrapper
Target: x86_64-unknown-linux-gnu
Configured with: ../gcc-4.8.4/configure --prefix=/build/pmendez-sftnight/install-484/ --with-system-zlib --disable-multilib --enable-languages=all
Thread model: posix
gcc version 4.8.4 (GCC) 
configure:3213: $? = 0
configure:3202: /cvmfs/sft.cern.ch/lcg/contrib/gcc/4.8/x86_64-slc6/bin/gcc -V >&5
gcc: error: unrecognized command line option '-V'
gcc: fatal error: no input files
compilation terminated.
configure:3213: $? = 1
configure:3202: /cvmfs/sft.cern.ch/lcg/contrib/gcc/4.8/x86_64-slc6/bin/gcc -qversion >&5
gcc: error: unrecognized command line option '-qversion'
gcc: fatal error: no input files
compilation terminated.
configure:3213: $? = 1
configure:3233: checking whether the C compiler works
configure:3255: /cvmfs/sft.cern.ch/lcg/contrib/gcc/4.8/x86_64-slc6/bin/gcc   -L/afs/desy.de/user/v/volinar/APPLgrid_development/Main/lib/: conftest.c  >&5
configure:3259: $? = 0
configure:3307: result: yes
configure:3310: checking for C compiler default output file name
configure:3312: result: a.out
configure:3318: checking for suffix of executables
configure:3325: /cvmfs/sft.cern.ch/lcg/contrib/gcc/4.8/x86_64-slc6/bin/gcc -o conftest   -L/afs/desy.de/user/v/volinar/APPLgrid_development/Main/lib/: conftest.c  >&5
configure:3329: $? = 0
configure:3351: result: 
configure:3373: checking whether we are cross compiling
configure:3381: /cvmfs/sft.cern.ch/lcg/contrib/gcc/4.8/x86_64-slc6/bin/gcc -o conftest   -L/afs/desy.de/user/v/volinar/APPLgrid_development/Main/lib/: conftest.c  >&5
configure:3385: $? = 0
configure:3392: ./conftest
configure:3396: $? = 0
configure:3411: result: no
configure:3416: checking for suffix of object files
configure:3438: /cvmfs/sft.cern.ch/lcg/contrib/gcc/4.8/x86_64-slc6/bin/gcc -c   conftest.c >&5
configure:3442: $? = 0
configure:3463: result: o
configure:3467: checking whether we are using the GNU C compiler
configure:3486: /cvmfs/sft.cern.ch/lcg/contrib/gcc/4.8/x86_64-slc6/bin/gcc -c   conftest.c >&5
configure:3486: $? = 0
configure:3495: result: yes
configure:3504: checking whether /cvmfs/sft.cern.ch/lcg/contrib/gcc/4.8/x86_64-slc6/bin/gcc accepts -g
configure:3524: /cvmfs/sft.cern.ch/lcg/contrib/gcc/4.8/x86_64-slc6/bin/gcc -c -g  conftest.c >&5
configure:3524: $? = 0
configure:3565: result: yes
configure:3582: checking for /cvmfs/sft.cern.ch/lcg/contrib/gcc/4.8/x86_64-slc6/bin/gcc option to accept ISO C89
configure:3645: /cvmfs/sft.cern.ch/lcg/contrib/gcc/4.8/x86_64-slc6/bin/gcc  -c -g -O2  conftest.c >&5
configure:3645: $? = 0
configure:3658: result: none needed
configure:3683: checking whether /cvmfs/sft.cern.ch/lcg/contrib/gcc/4.8/x86_64-slc6/bin/gcc understands -c and -o together
configure:3705: /cvmfs/sft.cern.ch/lcg/contrib/gcc/4.8/x86_64-slc6/bin/gcc -c conftest.c -o conftest2.o
configure:3708: $? = 0
configure:3705: /cvmfs/sft.cern.ch/lcg/contrib/gcc/4.8/x86_64-slc6/bin/gcc -c conftest.c -o conftest2.o
configure:3708: $? = 0
configure:3720: result: yes
configure:3748: checking for style of include used by make
configure:3776: result: GNU
configure:3802: checking dependency style of /cvmfs/sft.cern.ch/lcg/contrib/gcc/4.8/x86_64-slc6/bin/gcc
configure:3913: result: gcc3
configure:4040: checking for C++ compiler version
configure:4049: /cvmfs/sft.cern.ch/lcg/contrib/gcc/4.8/x86_64-slc6/bin/g++ --version >&5
g++ (GCC) 4.8.4
Copyright (C) 2013 Free Software Foundation, Inc.
This is free software; see the source for copying conditions.  There is NO
warranty; not even for MERCHANTABILITY or FITNESS FOR A PARTICULAR PURPOSE.

configure:4060: $? = 0
configure:4049: /cvmfs/sft.cern.ch/lcg/contrib/gcc/4.8/x86_64-slc6/bin/g++ -v >&5
Using built-in specs.
COLLECT_GCC=/cvmfs/sft.cern.ch/lcg/contrib/gcc/4.8/x86_64-slc6/bin/g++
COLLECT_LTO_WRAPPER=/cvmfs/sft.cern.ch/lcg/contrib/gcc/4.8.4/x86_64-slc6/bin/../libexec/gcc/x86_64-unknown-linux-gnu/4.8.4/lto-wrapper
Target: x86_64-unknown-linux-gnu
Configured with: ../gcc-4.8.4/configure --prefix=/build/pmendez-sftnight/install-484/ --with-system-zlib --disable-multilib --enable-languages=all
Thread model: posix
gcc version 4.8.4 (GCC) 
configure:4060: $? = 0
configure:4049: /cvmfs/sft.cern.ch/lcg/contrib/gcc/4.8/x86_64-slc6/bin/g++ -V >&5
g++: error: unrecognized command line option '-V'
g++: fatal error: no input files
compilation terminated.
configure:4060: $? = 1
configure:4049: /cvmfs/sft.cern.ch/lcg/contrib/gcc/4.8/x86_64-slc6/bin/g++ -qversion >&5
g++: error: unrecognized command line option '-qversion'
g++: fatal error: no input files
compilation terminated.
configure:4060: $? = 1
configure:4064: checking whether we are using the GNU C++ compiler
configure:4083: /cvmfs/sft.cern.ch/lcg/contrib/gcc/4.8/x86_64-slc6/bin/g++ -c   conftest.cpp >&5
configure:4083: $? = 0
configure:4092: result: yes
configure:4101: checking whether /cvmfs/sft.cern.ch/lcg/contrib/gcc/4.8/x86_64-slc6/bin/g++ accepts -g
configure:4121: /cvmfs/sft.cern.ch/lcg/contrib/gcc/4.8/x86_64-slc6/bin/g++ -c -g  conftest.cpp >&5
configure:4121: $? = 0
configure:4162: result: yes
configure:4187: checking dependency style of /cvmfs/sft.cern.ch/lcg/contrib/gcc/4.8/x86_64-slc6/bin/g++
configure:4298: result: gcc3
configure:4342: checking build system type
configure:4356: result: x86_64-unknown-linux-gnu
configure:4376: checking host system type
configure:4389: result: x86_64-unknown-linux-gnu
configure:4430: checking how to print strings
configure:4457: result: printf
configure:4478: checking for a sed that does not truncate output
configure:4542: result: /bin/sed
configure:4560: checking for grep that handles long lines and -e
configure:4618: result: /bin/grep
configure:4623: checking for egrep
configure:4685: result: /bin/grep -E
configure:4690: checking for fgrep
configure:4752: result: /bin/grep -F
configure:4787: checking for ld used by /cvmfs/sft.cern.ch/lcg/contrib/gcc/4.8/x86_64-slc6/bin/gcc
configure:4854: result: /usr/bin/ld
configure:4861: checking if the linker (/usr/bin/ld) is GNU ld
configure:4876: result: yes
configure:4888: checking for BSD- or MS-compatible name lister (nm)
configure:4942: result: /usr/bin/nm -B
configure:5072: checking the name lister (/usr/bin/nm -B) interface
configure:5079: /cvmfs/sft.cern.ch/lcg/contrib/gcc/4.8/x86_64-slc6/bin/gcc -c -g -O2  conftest.c >&5
configure:5082: /usr/bin/nm -B "conftest.o"
configure:5085: output
0000000000000000 B some_variable
configure:5092: result: BSD nm
configure:5095: checking whether ln -s works
configure:5099: result: yes
configure:5107: checking the maximum length of command line arguments
configure:5238: result: 1966080
configure:5286: checking how to convert x86_64-unknown-linux-gnu file names to x86_64-unknown-linux-gnu format
configure:5326: result: func_convert_file_noop
configure:5333: checking how to convert x86_64-unknown-linux-gnu file names to toolchain format
configure:5353: result: func_convert_file_noop
configure:5360: checking for /usr/bin/ld option to reload object files
configure:5367: result: -r
configure:5441: checking for objdump
configure:5457: found /usr/bin/objdump
configure:5468: result: objdump
configure:5500: checking how to recognize dependent libraries
configure:5700: result: pass_all
configure:5785: checking for dlltool
configure:5815: result: no
configure:5845: checking how to associate runtime and link libraries
configure:5872: result: printf %s\n
configure:5933: checking for ar
configure:5949: found /usr/bin/ar
configure:5960: result: ar
configure:5997: checking for archiver @FILE support
configure:6014: /cvmfs/sft.cern.ch/lcg/contrib/gcc/4.8/x86_64-slc6/bin/gcc -c -g -O2  conftest.c >&5
configure:6014: $? = 0
configure:6017: ar cru libconftest.a @conftest.lst >&5
configure:6020: $? = 0
configure:6025: ar cru libconftest.a @conftest.lst >&5
ar: conftest.o: No such file or directory
configure:6028: $? = 1
configure:6040: result: @
configure:6098: checking for strip
configure:6114: found /usr/bin/strip
configure:6125: result: strip
configure:6197: checking for ranlib
configure:6213: found /usr/bin/ranlib
configure:6224: result: ranlib
configure:6326: checking command to parse /usr/bin/nm -B output from /cvmfs/sft.cern.ch/lcg/contrib/gcc/4.8/x86_64-slc6/bin/gcc object
configure:6479: /cvmfs/sft.cern.ch/lcg/contrib/gcc/4.8/x86_64-slc6/bin/gcc -c -g -O2  conftest.c >&5
configure:6482: $? = 0
configure:6486: /usr/bin/nm -B conftest.o \| sed -n -e 's/^.*[ ]\([ABCDGIRSTW][ABCDGIRSTW]*\)[ ][ ]*\([_A-Za-z][_A-Za-z0-9]*\)$/\1 \2 \2/p' | sed '/ __gnu_lto/d' \> conftest.nm
configure:6489: $? = 0
configure:6555: /cvmfs/sft.cern.ch/lcg/contrib/gcc/4.8/x86_64-slc6/bin/gcc -o conftest -g -O2  -L/afs/desy.de/user/v/volinar/APPLgrid_development/Main/lib/: conftest.c conftstm.o >&5
configure:6558: $? = 0
configure:6596: result: ok
configure:6643: checking for sysroot
configure:6673: result: no
configure:6680: checking for a working dd
configure:6718: result: /bin/dd
configure:6722: checking how to truncate binary pipes
configure:6737: result: /bin/dd bs=4096 count=1
configure:6873: /cvmfs/sft.cern.ch/lcg/contrib/gcc/4.8/x86_64-slc6/bin/gcc -c -g -O2  conftest.c >&5
configure:6876: $? = 0
configure:7066: checking for mt
configure:7096: result: no
configure:7116: checking if : is a manifest tool
configure:7122: : '-?'
configure:7130: result: no
configure:7807: checking how to run the C preprocessor
configure:7838: /cvmfs/sft.cern.ch/lcg/contrib/gcc/4.8/x86_64-slc6/bin/gcc -E  conftest.c
configure:7838: $? = 0
configure:7852: /cvmfs/sft.cern.ch/lcg/contrib/gcc/4.8/x86_64-slc6/bin/gcc -E  conftest.c
conftest.c:11:28: fatal error: ac_nonexistent.h: No such file or directory
 #include <ac_nonexistent.h>
                            ^
compilation terminated.
configure:7852: $? = 1
configure: failed program was:
| /* confdefs.h */
| #define PACKAGE_NAME "APPLgrid"
| #define PACKAGE_TARNAME "applgrid"
| #define PACKAGE_VERSION "1.5.34"
| #define PACKAGE_STRING "APPLgrid 1.5.34"
| #define PACKAGE_BUGREPORT "sutt@cern.ch"
| #define PACKAGE_URL "https://applgrid.hepforge.org"
| #define PACKAGE "applgrid"
| #define VERSION "1.5.34"
| /* end confdefs.h.  */
| #include <ac_nonexistent.h>
configure:7877: result: /cvmfs/sft.cern.ch/lcg/contrib/gcc/4.8/x86_64-slc6/bin/gcc -E
configure:7897: /cvmfs/sft.cern.ch/lcg/contrib/gcc/4.8/x86_64-slc6/bin/gcc -E  conftest.c
configure:7897: $? = 0
configure:7911: /cvmfs/sft.cern.ch/lcg/contrib/gcc/4.8/x86_64-slc6/bin/gcc -E  conftest.c
conftest.c:11:28: fatal error: ac_nonexistent.h: No such file or directory
 #include <ac_nonexistent.h>
                            ^
compilation terminated.
configure:7911: $? = 1
configure: failed program was:
| /* confdefs.h */
| #define PACKAGE_NAME "APPLgrid"
| #define PACKAGE_TARNAME "applgrid"
| #define PACKAGE_VERSION "1.5.34"
| #define PACKAGE_STRING "APPLgrid 1.5.34"
| #define PACKAGE_BUGREPORT "sutt@cern.ch"
| #define PACKAGE_URL "https://applgrid.hepforge.org"
| #define PACKAGE "applgrid"
| #define VERSION "1.5.34"
| /* end confdefs.h.  */
| #include <ac_nonexistent.h>
configure:7940: checking for ANSI C header files
configure:7960: /cvmfs/sft.cern.ch/lcg/contrib/gcc/4.8/x86_64-slc6/bin/gcc -c -g -O2  conftest.c >&5
configure:7960: $? = 0
configure:8033: /cvmfs/sft.cern.ch/lcg/contrib/gcc/4.8/x86_64-slc6/bin/gcc -o conftest -g -O2  -L/afs/desy.de/user/v/volinar/APPLgrid_development/Main/lib/: conftest.c  >&5
configure:8033: $? = 0
configure:8033: ./conftest
configure:8033: $? = 0
configure:8044: result: yes
configure:8057: checking for sys/types.h
configure:8057: /cvmfs/sft.cern.ch/lcg/contrib/gcc/4.8/x86_64-slc6/bin/gcc -c -g -O2  conftest.c >&5
configure:8057: $? = 0
configure:8057: result: yes
configure:8057: checking for sys/stat.h
configure:8057: /cvmfs/sft.cern.ch/lcg/contrib/gcc/4.8/x86_64-slc6/bin/gcc -c -g -O2  conftest.c >&5
configure:8057: $? = 0
configure:8057: result: yes
configure:8057: checking for stdlib.h
configure:8057: /cvmfs/sft.cern.ch/lcg/contrib/gcc/4.8/x86_64-slc6/bin/gcc -c -g -O2  conftest.c >&5
configure:8057: $? = 0
configure:8057: result: yes
configure:8057: checking for string.h
configure:8057: /cvmfs/sft.cern.ch/lcg/contrib/gcc/4.8/x86_64-slc6/bin/gcc -c -g -O2  conftest.c >&5
configure:8057: $? = 0
configure:8057: result: yes
configure:8057: checking for memory.h
configure:8057: /cvmfs/sft.cern.ch/lcg/contrib/gcc/4.8/x86_64-slc6/bin/gcc -c -g -O2  conftest.c >&5
configure:8057: $? = 0
configure:8057: result: yes
configure:8057: checking for strings.h
configure:8057: /cvmfs/sft.cern.ch/lcg/contrib/gcc/4.8/x86_64-slc6/bin/gcc -c -g -O2  conftest.c >&5
configure:8057: $? = 0
configure:8057: result: yes
configure:8057: checking for inttypes.h
configure:8057: /cvmfs/sft.cern.ch/lcg/contrib/gcc/4.8/x86_64-slc6/bin/gcc -c -g -O2  conftest.c >&5
configure:8057: $? = 0
configure:8057: result: yes
configure:8057: checking for stdint.h
configure:8057: /cvmfs/sft.cern.ch/lcg/contrib/gcc/4.8/x86_64-slc6/bin/gcc -c -g -O2  conftest.c >&5
configure:8057: $? = 0
configure:8057: result: yes
configure:8057: checking for unistd.h
configure:8057: /cvmfs/sft.cern.ch/lcg/contrib/gcc/4.8/x86_64-slc6/bin/gcc -c -g -O2  conftest.c >&5
configure:8057: $? = 0
configure:8057: result: yes
configure:8071: checking for dlfcn.h
configure:8071: /cvmfs/sft.cern.ch/lcg/contrib/gcc/4.8/x86_64-slc6/bin/gcc -c -g -O2  conftest.c >&5
configure:8071: $? = 0
configure:8071: result: yes
configure:8338: checking for objdir
configure:8353: result: .libs
configure:8613: checking if /cvmfs/sft.cern.ch/lcg/contrib/gcc/4.8/x86_64-slc6/bin/gcc supports -fno-rtti -fno-exceptions
configure:8631: /cvmfs/sft.cern.ch/lcg/contrib/gcc/4.8/x86_64-slc6/bin/gcc -c -g -O2  -fno-rtti -fno-exceptions conftest.c >&5
cc1: warning: command line option '-fno-rtti' is valid for C++/ObjC++ but not for C [enabled by default]
configure:8635: $? = 0
configure:8648: result: no
configure:9006: checking for /cvmfs/sft.cern.ch/lcg/contrib/gcc/4.8/x86_64-slc6/bin/gcc option to produce PIC
configure:9013: result: -fPIC -DPIC
configure:9021: checking if /cvmfs/sft.cern.ch/lcg/contrib/gcc/4.8/x86_64-slc6/bin/gcc PIC flag -fPIC -DPIC works
configure:9039: /cvmfs/sft.cern.ch/lcg/contrib/gcc/4.8/x86_64-slc6/bin/gcc -c -g -O2  -fPIC -DPIC -DPIC conftest.c >&5
configure:9043: $? = 0
configure:9056: result: yes
configure:9085: checking if /cvmfs/sft.cern.ch/lcg/contrib/gcc/4.8/x86_64-slc6/bin/gcc static flag -static works
configure:9113: result: yes
configure:9128: checking if /cvmfs/sft.cern.ch/lcg/contrib/gcc/4.8/x86_64-slc6/bin/gcc supports -c -o file.o
configure:9149: /cvmfs/sft.cern.ch/lcg/contrib/gcc/4.8/x86_64-slc6/bin/gcc -c -g -O2  -o out/conftest2.o conftest.c >&5
configure:9153: $? = 0
configure:9175: result: yes
configure:9183: checking if /cvmfs/sft.cern.ch/lcg/contrib/gcc/4.8/x86_64-slc6/bin/gcc supports -c -o file.o
configure:9230: result: yes
configure:9263: checking whether the /cvmfs/sft.cern.ch/lcg/contrib/gcc/4.8/x86_64-slc6/bin/gcc linker (/usr/bin/ld -m elf_x86_64) supports shared libraries
configure:10522: result: yes
configure:10559: checking whether -lc should be explicitly linked in
configure:10567: /cvmfs/sft.cern.ch/lcg/contrib/gcc/4.8/x86_64-slc6/bin/gcc -c -g -O2  conftest.c >&5
configure:10570: $? = 0
configure:10585: /cvmfs/sft.cern.ch/lcg/contrib/gcc/4.8/x86_64-slc6/bin/gcc -shared  -fPIC -DPIC conftest.o  -v -Wl,-soname -Wl,conftest -o conftest 2\>\&1 \| /bin/grep  -lc  \>/dev/null 2\>\&1
configure:10588: $? = 0
configure:10602: result: no
configure:10762: checking dynamic linker characteristics
configure:11343: /cvmfs/sft.cern.ch/lcg/contrib/gcc/4.8/x86_64-slc6/bin/gcc -o conftest -g -O2  -L/afs/desy.de/user/v/volinar/APPLgrid_development/Main/lib/: -Wl,-rpath -Wl,/foo conftest.c  >&5
configure:11343: $? = 0
configure:11580: result: GNU/Linux ld.so
configure:11702: checking how to hardcode library paths into programs
configure:11727: result: immediate
configure:12275: checking whether stripping libraries is possible
configure:12280: result: yes
configure:12315: checking if libtool supports shared libraries
configure:12317: result: yes
configure:12320: checking whether to build shared libraries
configure:12345: result: yes
configure:12348: checking whether to build static libraries
configure:12352: result: yes
configure:12375: checking how to run the C++ preprocessor
configure:12402: /cvmfs/sft.cern.ch/lcg/contrib/gcc/4.8/x86_64-slc6/bin/g++ -E  conftest.cpp
configure:12402: $? = 0
configure:12416: /cvmfs/sft.cern.ch/lcg/contrib/gcc/4.8/x86_64-slc6/bin/g++ -E  conftest.cpp
conftest.cpp:23:28: fatal error: ac_nonexistent.h: No such file or directory
 #include <ac_nonexistent.h>
                            ^
compilation terminated.
configure:12416: $? = 1
configure: failed program was:
| /* confdefs.h */
| #define PACKAGE_NAME "APPLgrid"
| #define PACKAGE_TARNAME "applgrid"
| #define PACKAGE_VERSION "1.5.34"
| #define PACKAGE_STRING "APPLgrid 1.5.34"
| #define PACKAGE_BUGREPORT "sutt@cern.ch"
| #define PACKAGE_URL "https://applgrid.hepforge.org"
| #define PACKAGE "applgrid"
| #define VERSION "1.5.34"
| #define STDC_HEADERS 1
| #define HAVE_SYS_TYPES_H 1
| #define HAVE_SYS_STAT_H 1
| #define HAVE_STDLIB_H 1
| #define HAVE_STRING_H 1
| #define HAVE_MEMORY_H 1
| #define HAVE_STRINGS_H 1
| #define HAVE_INTTYPES_H 1
| #define HAVE_STDINT_H 1
| #define HAVE_UNISTD_H 1
| #define HAVE_DLFCN_H 1
| #define LT_OBJDIR ".libs/"
| /* end confdefs.h.  */
| #include <ac_nonexistent.h>
configure:12441: result: /cvmfs/sft.cern.ch/lcg/contrib/gcc/4.8/x86_64-slc6/bin/g++ -E
configure:12461: /cvmfs/sft.cern.ch/lcg/contrib/gcc/4.8/x86_64-slc6/bin/g++ -E  conftest.cpp
configure:12461: $? = 0
configure:12475: /cvmfs/sft.cern.ch/lcg/contrib/gcc/4.8/x86_64-slc6/bin/g++ -E  conftest.cpp
conftest.cpp:23:28: fatal error: ac_nonexistent.h: No such file or directory
 #include <ac_nonexistent.h>
                            ^
compilation terminated.
configure:12475: $? = 1
configure: failed program was:
| /* confdefs.h */
| #define PACKAGE_NAME "APPLgrid"
| #define PACKAGE_TARNAME "applgrid"
| #define PACKAGE_VERSION "1.5.34"
| #define PACKAGE_STRING "APPLgrid 1.5.34"
| #define PACKAGE_BUGREPORT "sutt@cern.ch"
| #define PACKAGE_URL "https://applgrid.hepforge.org"
| #define PACKAGE "applgrid"
| #define VERSION "1.5.34"
| #define STDC_HEADERS 1
| #define HAVE_SYS_TYPES_H 1
| #define HAVE_SYS_STAT_H 1
| #define HAVE_STDLIB_H 1
| #define HAVE_STRING_H 1
| #define HAVE_MEMORY_H 1
| #define HAVE_STRINGS_H 1
| #define HAVE_INTTYPES_H 1
| #define HAVE_STDINT_H 1
| #define HAVE_UNISTD_H 1
| #define HAVE_DLFCN_H 1
| #define LT_OBJDIR ".libs/"
| /* end confdefs.h.  */
| #include <ac_nonexistent.h>
configure:12637: checking for ld used by /cvmfs/sft.cern.ch/lcg/contrib/gcc/4.8/x86_64-slc6/bin/g++
configure:12704: result: /usr/bin/ld -m elf_x86_64
configure:12711: checking if the linker (/usr/bin/ld -m elf_x86_64) is GNU ld
configure:12726: result: yes
configure:12781: checking whether the /cvmfs/sft.cern.ch/lcg/contrib/gcc/4.8/x86_64-slc6/bin/g++ linker (/usr/bin/ld -m elf_x86_64) supports shared libraries
configure:13854: result: yes
configure:13890: /cvmfs/sft.cern.ch/lcg/contrib/gcc/4.8/x86_64-slc6/bin/g++ -c -g -O2  conftest.cpp >&5
configure:13893: $? = 0
configure:14374: checking for /cvmfs/sft.cern.ch/lcg/contrib/gcc/4.8/x86_64-slc6/bin/g++ option to produce PIC
configure:14381: result: -fPIC -DPIC
configure:14389: checking if /cvmfs/sft.cern.ch/lcg/contrib/gcc/4.8/x86_64-slc6/bin/g++ PIC flag -fPIC -DPIC works
configure:14407: /cvmfs/sft.cern.ch/lcg/contrib/gcc/4.8/x86_64-slc6/bin/g++ -c -g -O2  -fPIC -DPIC -DPIC conftest.cpp >&5
configure:14411: $? = 0
configure:14424: result: yes
configure:14447: checking if /cvmfs/sft.cern.ch/lcg/contrib/gcc/4.8/x86_64-slc6/bin/g++ static flag -static works
configure:14475: result: yes
configure:14487: checking if /cvmfs/sft.cern.ch/lcg/contrib/gcc/4.8/x86_64-slc6/bin/g++ supports -c -o file.o
configure:14508: /cvmfs/sft.cern.ch/lcg/contrib/gcc/4.8/x86_64-slc6/bin/g++ -c -g -O2  -o out/conftest2.o conftest.cpp >&5
configure:14512: $? = 0
configure:14534: result: yes
configure:14539: checking if /cvmfs/sft.cern.ch/lcg/contrib/gcc/4.8/x86_64-slc6/bin/g++ supports -c -o file.o
configure:14586: result: yes
configure:14616: checking whether the /cvmfs/sft.cern.ch/lcg/contrib/gcc/4.8/x86_64-slc6/bin/g++ linker (/usr/bin/ld -m elf_x86_64) supports shared libraries
configure:14656: result: yes
configure:14797: checking dynamic linker characteristics
configure:15542: result: GNU/Linux ld.so
configure:15607: checking how to hardcode library paths into programs
configure:15632: result: immediate
configure:15693: checking for ANSI C header files
configure:15797: result: yes
configure:15811: checking for utime.h
configure:15811: /cvmfs/sft.cern.ch/lcg/contrib/gcc/4.8/x86_64-slc6/bin/gcc -c -g -O2  conftest.c >&5
configure:15811: $? = 0
configure:15811: result: yes
configure:15825: checking whether utime accepts a null argument
configure:15854: /cvmfs/sft.cern.ch/lcg/contrib/gcc/4.8/x86_64-slc6/bin/gcc -o conftest -g -O2  -L/afs/desy.de/user/v/volinar/APPLgrid_development/Main/lib/: conftest.c  >&5
configure:15854: $? = 0
configure:15854: ./conftest
configure:15854: $? = 0
configure:15864: result: yes
configure:15892: checking for root
configure:15910: found /cvmfs/sft.cern.ch/lcg/app/releases/ROOT/5.34.19/x86_64-slc6-gcc48-opt/root/bin/root
configure:15923: result: /cvmfs/sft.cern.ch/lcg/app/releases/ROOT/5.34.19/x86_64-slc6-gcc48-opt/root/bin/root
configure:15968: checking for hoppet-config
configure:15986: found /afs/desy.de/user/v/volinar/APPLgrid_development/Main/bin//hoppet-config
configure:15999: result: /afs/desy.de/user/v/volinar/APPLgrid_development/Main/bin//hoppet-config
configure:16047: checking for lhapdf-config
configure:16065: found /afs/desy.de/user/v/volinar/APPLgrid_development/Main/bin//lhapdf-config
configure:16078: result: /afs/desy.de/user/v/volinar/APPLgrid_development/Main/bin//lhapdf-config
configure:16238: checking that generated files are newer than configure
configure:16244: result: done
configure:16279: creating ./config.status

## ---------------------- ##
## Running config.status. ##
## ---------------------- ##

This file was extended by APPLgrid config.status 1.5.34, which was
generated by GNU Autoconf 2.69.  Invocation command line was

  CONFIG_FILES    = 
  CONFIG_HEADERS  = 
  CONFIG_LINKS    = 
  CONFIG_COMMANDS = 
  $ ./config.status 

on naf-cms11.desy.de

config.status:1169: creating bin/Makefile
config.status:1169: creating bin/applgrid-config
config.status:1169: creating Makefile
config.status:1169: creating src/Makefile
config.status:1169: creating amconfig.h
config.status:1350: amconfig.h is unchanged
config.status:1398: executing depfiles commands
config.status:1398: executing libtool commands

## ---------------- ##
## Cache variables. ##
## ---------------- ##

ac_cv_build=x86_64-unknown-linux-gnu
ac_cv_c_compiler_gnu=yes
ac_cv_cxx_compiler_gnu=yes
ac_cv_env_CCC_set=
ac_cv_env_CCC_value=
ac_cv_env_CC_set=set
ac_cv_env_CC_value=/cvmfs/sft.cern.ch/lcg/contrib/gcc/4.8/x86_64-slc6/bin/gcc
ac_cv_env_CFLAGS_set=
ac_cv_env_CFLAGS_value=
ac_cv_env_CPPFLAGS_set=
ac_cv_env_CPPFLAGS_value=
ac_cv_env_CPP_set=
ac_cv_env_CPP_value=
ac_cv_env_CXXCPP_set=
ac_cv_env_CXXCPP_value=
ac_cv_env_CXXFLAGS_set=
ac_cv_env_CXXFLAGS_value=
ac_cv_env_CXX_set=set
ac_cv_env_CXX_value=/cvmfs/sft.cern.ch/lcg/contrib/gcc/4.8/x86_64-slc6/bin/g++
ac_cv_env_LDFLAGS_set=set
ac_cv_env_LDFLAGS_value=-L/afs/desy.de/user/v/volinar/APPLgrid_development/Main/lib/:
ac_cv_env_LIBS_set=
ac_cv_env_LIBS_value=
ac_cv_env_LT_SYS_LIBRARY_PATH_set=
ac_cv_env_LT_SYS_LIBRARY_PATH_value=
ac_cv_env_build_alias_set=
ac_cv_env_build_alias_value=
ac_cv_env_host_alias_set=
ac_cv_env_host_alias_value=
ac_cv_env_target_alias_set=
ac_cv_env_target_alias_value=
ac_cv_func_utime_null=yes
ac_cv_header_dlfcn_h=yes
ac_cv_header_inttypes_h=yes
ac_cv_header_memory_h=yes
ac_cv_header_stdc=yes
ac_cv_header_stdint_h=yes
ac_cv_header_stdlib_h=yes
ac_cv_header_string_h=yes
ac_cv_header_strings_h=yes
ac_cv_header_sys_stat_h=yes
ac_cv_header_sys_types_h=yes
ac_cv_header_unistd_h=yes
ac_cv_header_utime_h=yes
ac_cv_host=x86_64-unknown-linux-gnu
ac_cv_objext=o
ac_cv_path_EGREP='/bin/grep -E'
ac_cv_path_FGREP='/bin/grep -F'
ac_cv_path_GREP=/bin/grep
ac_cv_path_HOPPETPATH=/afs/desy.de/user/v/volinar/APPLgrid_development/Main/bin//hoppet-config
ac_cv_path_LHAPDFPATH=/afs/desy.de/user/v/volinar/APPLgrid_development/Main/bin//lhapdf-config
ac_cv_path_ROOTPATH=/cvmfs/sft.cern.ch/lcg/app/releases/ROOT/5.34.19/x86_64-slc6-gcc48-opt/root/bin/root
ac_cv_path_SED=/bin/sed
ac_cv_path_install='/usr/bin/install -c'
ac_cv_path_lt_DD=/bin/dd
ac_cv_path_mkdir=/bin/mkdir
ac_cv_prog_AWK=gawk
ac_cv_prog_CPP='/cvmfs/sft.cern.ch/lcg/contrib/gcc/4.8/x86_64-slc6/bin/gcc -E'
ac_cv_prog_CXXCPP='/cvmfs/sft.cern.ch/lcg/contrib/gcc/4.8/x86_64-slc6/bin/g++ -E'
ac_cv_prog_ac_ct_AR=ar
ac_cv_prog_ac_ct_CC=/cvmfs/sft.cern.ch/lcg/contrib/gcc/4.8/x86_64-slc6/bin/gcc
ac_cv_prog_ac_ct_OBJDUMP=objdump
ac_cv_prog_ac_ct_RANLIB=ranlib
ac_cv_prog_ac_ct_STRIP=strip
ac_cv_prog_cc_c89=
ac_cv_prog_cc_g=yes
ac_cv_prog_cxx_g=yes
ac_cv_prog_make_make_set=yes
am_cv_CC_dependencies_compiler_type=gcc3
am_cv_CXX_dependencies_compiler_type=gcc3
am_cv_make_support_nested_variables=yes
am_cv_prog_cc_c_o=yes
lt_cv_ar_at_file=@
lt_cv_archive_cmds_need_lc=no
lt_cv_deplibs_check_method=pass_all
lt_cv_file_magic_cmd='$MAGIC_CMD'
lt_cv_file_magic_test_file=
lt_cv_ld_reload_flag=-r
lt_cv_nm_interface='BSD nm'
lt_cv_objdir=.libs
lt_cv_path_LD=/usr/bin/ld
lt_cv_path_LDCXX='/usr/bin/ld -m elf_x86_64'
lt_cv_path_NM='/usr/bin/nm -B'
lt_cv_path_mainfest_tool=no
lt_cv_prog_compiler_c_o=yes
lt_cv_prog_compiler_c_o_CXX=yes
lt_cv_prog_compiler_pic='-fPIC -DPIC'
lt_cv_prog_compiler_pic_CXX='-fPIC -DPIC'
lt_cv_prog_compiler_pic_works=yes
lt_cv_prog_compiler_pic_works_CXX=yes
lt_cv_prog_compiler_rtti_exceptions=no
lt_cv_prog_compiler_static_works=yes
lt_cv_prog_compiler_static_works_CXX=yes
lt_cv_prog_gnu_ld=yes
lt_cv_prog_gnu_ldcxx=yes
lt_cv_sharedlib_from_linklib_cmd='printf %s\n'
lt_cv_shlibpath_overrides_runpath=no
lt_cv_sys_global_symbol_pipe='sed -n -e '\''s/^.*[	 ]\([ABCDGIRSTW][ABCDGIRSTW]*\)[	 ][	 ]*\([_A-Za-z][_A-Za-z0-9]*\)$/\1 \2 \2/p'\'' | sed '\''/ __gnu_lto/d'\'''
lt_cv_sys_global_symbol_to_c_name_address='sed -n -e '\''s/^: \(.*\) .*$/  {"\1", (void *) 0},/p'\'' -e '\''s/^[ABCDGIRSTW][ABCDGIRSTW]* .* \(.*\)$/  {"\1", (void *) \&\1},/p'\'''
lt_cv_sys_global_symbol_to_c_name_address_lib_prefix='sed -n -e '\''s/^: \(.*\) .*$/  {"\1", (void *) 0},/p'\'' -e '\''s/^[ABCDGIRSTW][ABCDGIRSTW]* .* \(lib.*\)$/  {"\1", (void *) \&\1},/p'\'' -e '\''s/^[ABCDGIRSTW][ABCDGIRSTW]* .* \(.*\)$/  {"lib\1", (void *) \&\1},/p'\'''
lt_cv_sys_global_symbol_to_cdecl='sed -n -e '\''s/^T .* \(.*\)$/extern int \1();/p'\'' -e '\''s/^[ABCDGIRSTW][ABCDGIRSTW]* .* \(.*\)$/extern char \1;/p'\'''
lt_cv_sys_global_symbol_to_import=
lt_cv_sys_max_cmd_len=1966080
lt_cv_to_host_file_cmd=func_convert_file_noop
lt_cv_to_tool_file_cmd=func_convert_file_noop
lt_cv_truncate_bin='/bin/dd bs=4096 count=1'

## ----------------- ##
## Output variables. ##
## ----------------- ##

ACLOCAL='${SHELL} /afs/desy.de/user/v/volinar/APPLgrid_development/applgrid-1.5.34/missing aclocal-1.15'
AMDEPBACKSLASH='\'
AMDEP_FALSE='#'
AMDEP_TRUE=''
AMTAR='$${TAR-tar}'
AM_BACKSLASH='\'
AM_DEFAULT_V='$(AM_DEFAULT_VERBOSITY)'
AM_DEFAULT_VERBOSITY='1'
AM_V='$(V)'
AR='ar'
AUTOCONF='${SHELL} /afs/desy.de/user/v/volinar/APPLgrid_development/applgrid-1.5.34/missing autoconf'
AUTOHEADER='${SHELL} /afs/desy.de/user/v/volinar/APPLgrid_development/applgrid-1.5.34/missing autoheader'
AUTOMAKE='${SHELL} /afs/desy.de/user/v/volinar/APPLgrid_development/applgrid-1.5.34/missing automake-1.15'
AWK='gawk'
CC='/cvmfs/sft.cern.ch/lcg/contrib/gcc/4.8/x86_64-slc6/bin/gcc'
CCDEPMODE='depmode=gcc3'
CFLAGS='-g -O2'
CPP='/cvmfs/sft.cern.ch/lcg/contrib/gcc/4.8/x86_64-slc6/bin/gcc -E'
CPPFLAGS=''
CXX='/cvmfs/sft.cern.ch/lcg/contrib/gcc/4.8/x86_64-slc6/bin/g++'
CXXCPP='/cvmfs/sft.cern.ch/lcg/contrib/gcc/4.8/x86_64-slc6/bin/g++ -E'
CXXDEPMODE='depmode=gcc3'
CXXFLAGS='-g -O2'
CYGPATH_W='echo'
DEFS='-DHAVE_CONFIG_H'
DEPDIR='.deps'
DLLTOOL='false'
DSYMUTIL=''
DUMPBIN=''
ECHO_C=''
ECHO_N='-n'
ECHO_T=''
EGREP='/bin/grep -E'
EXEEXT=''
FGREP='/bin/grep -F'
GREP='/bin/grep'
HOPPETPATH='/afs/desy.de/user/v/volinar/APPLgrid_development/Main/bin//hoppet-config'
HOPPET_LDFLAGS='-L/afs/desy.de/user/v/volinar/APPLgrid_development/Main//lib -lhoppet_v1'
INSTALL_DATA='${INSTALL} -m 644'
INSTALL_PROGRAM='${INSTALL}'
INSTALL_SCRIPT='${INSTALL}'
INSTALL_STRIP_PROGRAM='$(install_sh) -c -s'
LD='/usr/bin/ld -m elf_x86_64'
LDFLAGS='-L/afs/desy.de/user/v/volinar/APPLgrid_development/Main/lib/:'
LHAPDFPATH='/afs/desy.de/user/v/volinar/APPLgrid_development/Main/bin//lhapdf-config'
LHAPDF_CXXFLAGS='-L/afs/desy.de/user/v/volinar/APPLgrid_development/Main/lib -lLHAPDF'
LIBOBJS=''
LIBS=''
LIBTOOL='$(SHELL) $(top_builddir)/libtool'
LIPO=''
LN_S='ln -s'
LTLIBOBJS=''
LT_SYS_LIBRARY_PATH=''
MAKEINFO='${SHELL} /afs/desy.de/user/v/volinar/APPLgrid_development/applgrid-1.5.34/missing makeinfo'
MANIFEST_TOOL=':'
MKDIR_P='/bin/mkdir -p'
NM='/usr/bin/nm -B'
NMEDIT=''
OBJDUMP='objdump'
OBJEXT='o'
OTOOL64=''
OTOOL=''
PACKAGE='applgrid'
PACKAGE_BUGREPORT='sutt@cern.ch'
PACKAGE_NAME='APPLgrid'
PACKAGE_STRING='APPLgrid 1.5.34'
PACKAGE_TARNAME='applgrid'
PACKAGE_URL='https://applgrid.hepforge.org'
PACKAGE_VERSION='1.5.34'
PATH_SEPARATOR=':'
RANLIB='ranlib'
ROOTPATH='/cvmfs/sft.cern.ch/lcg/app/releases/ROOT/5.34.19/x86_64-slc6-gcc48-opt/root/bin/root'
ROOT_CXXFLAGS='-pthread -std=c++11 -Wno-deprecated-declarations -m64 -I/cvmfs/sft.cern.ch/lcg/app/releases/ROOT/5.34.19/x86_64-slc6-gcc48-opt/root/include'
ROOT_LDFLAGS='-m64 -L/cvmfs/sft.cern.ch/lcg/app/releases/ROOT/5.34.19/x86_64-slc6-gcc48-opt/root/lib -lCore -lCint -lRIO -lNet -lHist -lGraf -lGraf3d -lGpad -lTree -lRint -lPostscript -lMatrix -lPhysics -lMathCore -lThread -pthread -lm -ldl -rdynamic'
SED='/bin/sed'
SET_MAKE=''
SHELL='/bin/sh'
STRIP='strip'
USE_HOPPET_FALSE='#'
USE_HOPPET_TRUE=''
USE_LHAPDF_FALSE='#'
USE_LHAPDF_TRUE=''
VERSION='1.5.34'
ac_ct_AR='ar'
ac_ct_CC='/cvmfs/sft.cern.ch/lcg/contrib/gcc/4.8/x86_64-slc6/bin/gcc'
ac_ct_CXX=''
ac_ct_DUMPBIN=''
am__EXEEXT_FALSE=''
am__EXEEXT_TRUE='#'
am__fastdepCC_FALSE='#'
am__fastdepCC_TRUE=''
am__fastdepCXX_FALSE='#'
am__fastdepCXX_TRUE=''
am__include='include'
am__isrc=''
am__leading_dot='.'
am__nodep='_no'
am__quote=''
am__tar='$${TAR-tar} chof - "$$tardir"'
am__untar='$${TAR-tar} xf -'
bindir='${exec_prefix}/bin'
build='x86_64-unknown-linux-gnu'
build_alias=''
build_cpu='x86_64'
build_os='linux-gnu'
build_vendor='unknown'
datadir='${datarootdir}'
datarootdir='${prefix}/share'
docdir='${datarootdir}/doc/${PACKAGE_TARNAME}'
dvidir='${docdir}'
exec_prefix='${prefix}'
host='x86_64-unknown-linux-gnu'
host_alias=''
host_cpu='x86_64'
host_os='linux-gnu'
host_vendor='unknown'
htmldir='${docdir}'
includedir='${prefix}/include'
infodir='${datarootdir}/info'
install_sh='${SHELL} /afs/desy.de/user/v/volinar/APPLgrid_development/applgrid-1.5.34/install-sh'
libdir='${exec_prefix}/lib'
libexecdir='${exec_prefix}/libexec'
localedir='${datarootdir}/locale'
localstatedir='${prefix}/var'
mandir='${datarootdir}/man'
mkdir_p='$(MKDIR_P)'
oldincludedir='/usr/include'
pdfdir='${docdir}'
prefix='/afs/desy.de/user/v/volinar/APPLgrid_development/Main'
program_transform_name='s,x,x,'
psdir='${docdir}'
sbindir='${exec_prefix}/sbin'
sharedstatedir='${prefix}/com'
sysconfdir='${prefix}/etc'
target_alias=''

## ----------- ##
## confdefs.h. ##
## ----------- ##

/* confdefs.h */
#define PACKAGE_NAME "APPLgrid"
#define PACKAGE_TARNAME "applgrid"
#define PACKAGE_VERSION "1.5.34"
#define PACKAGE_STRING "APPLgrid 1.5.34"
#define PACKAGE_BUGREPORT "sutt@cern.ch"
#define PACKAGE_URL "https://applgrid.hepforge.org"
#define PACKAGE "applgrid"
#define VERSION "1.5.34"
#define STDC_HEADERS 1
#define HAVE_SYS_TYPES_H 1
#define HAVE_SYS_STAT_H 1
#define HAVE_STDLIB_H 1
#define HAVE_STRING_H 1
#define HAVE_MEMORY_H 1
#define HAVE_STRINGS_H 1
#define HAVE_INTTYPES_H 1
#define HAVE_STDINT_H 1
#define HAVE_UNISTD_H 1
#define HAVE_DLFCN_H 1
#define LT_OBJDIR ".libs/"
#define STDC_HEADERS 1
#define HAVE_UTIME_H 1
#define HAVE_UTIME_NULL 1
#define HAVE_CERNROOT 1
#define HAVE_HOPPET 1
#define HAVE_LHAPDF 1
#define LHAPDF_VERSION "6.2.1"

configure: exit 0
