This file contains any messages produced by compilers while
running configure, to aid debugging if configure makes a mistake.

It was created by APPLgrid configure 1.4.75, which was
generated by GNU Autoconf 2.68.  Invocation command line was

  $ ./configure --prefix=/nfs/dust/cms/user/volinar/tools/Test_AREA/Main

## --------- ##
## Platform. ##
## --------- ##

hostname = nafhh-cms02.desy.de
uname -m = x86_64
uname -r = 2.6.32-642.13.1.el6.x86_64
uname -s = Linux
uname -v = #1 SMP Tue Jan 10 11:22:50 CST 2017

/usr/bin/uname -p = unknown
/bin/uname -X     = unknown

/bin/arch              = x86_64
/usr/bin/arch -k       = unknown
/usr/convex/getsysinfo = unknown
/usr/bin/hostinfo      = unknown
/bin/machine           = unknown
/usr/bin/oslevel       = unknown
/bin/universe          = unknown

PATH: /afs/desy.de/user/v/volinar/Top_PHYS/Main/bin/
PATH: /nfs/dust/cms/user/volinar/tools/xFitter/deps/qcdnum/bin
PATH: /nfs/dust/cms/user/volinar/tools/xFitter/deps/mela/bin
PATH: /nfs/dust/cms/user/volinar/tools/xFitter/deps/apfel/bin
PATH: /nfs/dust/cms/user/volinar/tools/xFitter/deps/lhapdf/bin
PATH: /nfs/dust/cms/user/volinar/tools/xFitter/deps/applgrid/bin
PATH: /nfs/dust/cms/user/volinar/tools/xFitter/deps/hoppet/bin
PATH: /nfs/dust/cms/user/volinar/tools/xFitter/xfitter-1.2.2/bin
PATH: /cvmfs/sft.cern.ch/lcg/app/releases/ROOT/5.34.19/x86_64-slc6-gcc48-opt/root/bin
PATH: /cvmfs/sft.cern.ch/lcg/contrib/gcc/4.8/x86_64-slc6/bin
PATH: /afs/desy.de/user/v/volinar/Top_PHYS/Main/bin/
PATH: /nfs/dust/cms/user/volinar/tools/xFitter/deps/qcdnum/bin
PATH: /nfs/dust/cms/user/volinar/tools/xFitter/deps/mela/bin
PATH: /nfs/dust/cms/user/volinar/tools/xFitter/deps/apfel/bin
PATH: /nfs/dust/cms/user/volinar/tools/xFitter/deps/lhapdf/bin
PATH: /nfs/dust/cms/user/volinar/tools/xFitter/deps/applgrid/bin
PATH: /nfs/dust/cms/user/volinar/tools/xFitter/deps/hoppet/bin
PATH: /nfs/dust/cms/user/volinar/tools/xFitter/xfitter-1.2.2/bin
PATH: /cvmfs/sft.cern.ch/lcg/contrib/gcc/4.8/x86_64-slc6/bin
PATH: /cvmfs/cms.cern.ch/common
PATH: /cvmfs/cms.cern.ch/bin
PATH: /usr/sge/bin
PATH: /usr/sge/bin/lx-amd64
PATH: /usr/lib64/qt-3.3/bin
PATH: /bin
PATH: /afs/desy.de/common/passwd
PATH: /usr/local/bin
PATH: /usr/bin
PATH: /afs/desy.de/user/v/volinar/bin
PATH: /usr/local/sbin
PATH: /usr/sbin
PATH: /sbin
PATH: /opt/dell/srvadmin/bin


## ----------- ##
## Core tests. ##
## ----------- ##

configure:2278: checking for a BSD-compatible install
configure:2346: result: /usr/bin/install -c
configure:2357: checking whether build environment is sane
configure:2407: result: yes
configure:2548: checking for a thread-safe mkdir -p
configure:2587: result: /bin/mkdir -p
configure:2600: checking for gawk
configure:2616: found /bin/gawk
configure:2627: result: gawk
configure:2638: checking whether make sets $(MAKE)
configure:2660: result: yes
configure:2800: checking for gcc
configure:2827: result: /cvmfs/sft.cern.ch/lcg/contrib/gcc/4.8/x86_64-slc6/bin/gcc
configure:3056: checking for C compiler version
configure:3065: /cvmfs/sft.cern.ch/lcg/contrib/gcc/4.8/x86_64-slc6/bin/gcc --version >&5
gcc (GCC) 4.8.4
Copyright (C) 2013 Free Software Foundation, Inc.
This is free software; see the source for copying conditions.  There is NO
warranty; not even for MERCHANTABILITY or FITNESS FOR A PARTICULAR PURPOSE.

configure:3076: $? = 0
configure:3065: /cvmfs/sft.cern.ch/lcg/contrib/gcc/4.8/x86_64-slc6/bin/gcc -v >&5
Using built-in specs.
COLLECT_GCC=/cvmfs/sft.cern.ch/lcg/contrib/gcc/4.8/x86_64-slc6/bin/gcc
COLLECT_LTO_WRAPPER=/cvmfs/sft.cern.ch/lcg/contrib/gcc/4.8.4/x86_64-slc6/bin/../libexec/gcc/x86_64-unknown-linux-gnu/4.8.4/lto-wrapper
Target: x86_64-unknown-linux-gnu
Configured with: ../gcc-4.8.4/configure --prefix=/build/pmendez-sftnight/install-484/ --with-system-zlib --disable-multilib --enable-languages=all
Thread model: posix
gcc version 4.8.4 (GCC) 
configure:3076: $? = 0
configure:3065: /cvmfs/sft.cern.ch/lcg/contrib/gcc/4.8/x86_64-slc6/bin/gcc -V >&5
gcc: error: unrecognized command line option '-V'
gcc: fatal error: no input files
compilation terminated.
configure:3076: $? = 1
configure:3065: /cvmfs/sft.cern.ch/lcg/contrib/gcc/4.8/x86_64-slc6/bin/gcc -qversion >&5
gcc: error: unrecognized command line option '-qversion'
gcc: fatal error: no input files
compilation terminated.
configure:3076: $? = 1
configure:3096: checking whether the C compiler works
configure:3118: /cvmfs/sft.cern.ch/lcg/contrib/gcc/4.8/x86_64-slc6/bin/gcc   -L/afs/desy.de/user/v/volinar/Top_PHYS/Main/lib/:-L/afs/desy.de/user/v/volinar/Top_PHYS/Main/lib/: conftest.c  >&5
configure:3122: $? = 0
configure:3170: result: yes
configure:3173: checking for C compiler default output file name
configure:3175: result: a.out
configure:3181: checking for suffix of executables
configure:3188: /cvmfs/sft.cern.ch/lcg/contrib/gcc/4.8/x86_64-slc6/bin/gcc -o conftest   -L/afs/desy.de/user/v/volinar/Top_PHYS/Main/lib/:-L/afs/desy.de/user/v/volinar/Top_PHYS/Main/lib/: conftest.c  >&5
configure:3192: $? = 0
configure:3214: result: 
configure:3236: checking whether we are cross compiling
configure:3244: /cvmfs/sft.cern.ch/lcg/contrib/gcc/4.8/x86_64-slc6/bin/gcc -o conftest   -L/afs/desy.de/user/v/volinar/Top_PHYS/Main/lib/:-L/afs/desy.de/user/v/volinar/Top_PHYS/Main/lib/: conftest.c  >&5
configure:3248: $? = 0
configure:3255: ./conftest
configure:3259: $? = 0
configure:3274: result: no
configure:3279: checking for suffix of object files
configure:3301: /cvmfs/sft.cern.ch/lcg/contrib/gcc/4.8/x86_64-slc6/bin/gcc -c   conftest.c >&5
configure:3305: $? = 0
configure:3326: result: o
configure:3330: checking whether we are using the GNU C compiler
configure:3349: /cvmfs/sft.cern.ch/lcg/contrib/gcc/4.8/x86_64-slc6/bin/gcc -c   conftest.c >&5
configure:3349: $? = 0
configure:3358: result: yes
configure:3367: checking whether /cvmfs/sft.cern.ch/lcg/contrib/gcc/4.8/x86_64-slc6/bin/gcc accepts -g
configure:3387: /cvmfs/sft.cern.ch/lcg/contrib/gcc/4.8/x86_64-slc6/bin/gcc -c -g  conftest.c >&5
configure:3387: $? = 0
configure:3428: result: yes
configure:3445: checking for /cvmfs/sft.cern.ch/lcg/contrib/gcc/4.8/x86_64-slc6/bin/gcc option to accept ISO C89
configure:3509: /cvmfs/sft.cern.ch/lcg/contrib/gcc/4.8/x86_64-slc6/bin/gcc  -c -g -O2  conftest.c >&5
configure:3509: $? = 0
configure:3522: result: none needed
configure:3553: checking for style of include used by make
configure:3581: result: GNU
configure:3606: checking dependency style of /cvmfs/sft.cern.ch/lcg/contrib/gcc/4.8/x86_64-slc6/bin/gcc
configure:3716: result: gcc3
configure:3843: checking for C++ compiler version
configure:3852: /cvmfs/sft.cern.ch/lcg/contrib/gcc/4.8/x86_64-slc6/bin/g++ --version >&5
g++ (GCC) 4.8.4
Copyright (C) 2013 Free Software Foundation, Inc.
This is free software; see the source for copying conditions.  There is NO
warranty; not even for MERCHANTABILITY or FITNESS FOR A PARTICULAR PURPOSE.

configure:3863: $? = 0
configure:3852: /cvmfs/sft.cern.ch/lcg/contrib/gcc/4.8/x86_64-slc6/bin/g++ -v >&5
Using built-in specs.
COLLECT_GCC=/cvmfs/sft.cern.ch/lcg/contrib/gcc/4.8/x86_64-slc6/bin/g++
COLLECT_LTO_WRAPPER=/cvmfs/sft.cern.ch/lcg/contrib/gcc/4.8.4/x86_64-slc6/bin/../libexec/gcc/x86_64-unknown-linux-gnu/4.8.4/lto-wrapper
Target: x86_64-unknown-linux-gnu
Configured with: ../gcc-4.8.4/configure --prefix=/build/pmendez-sftnight/install-484/ --with-system-zlib --disable-multilib --enable-languages=all
Thread model: posix
gcc version 4.8.4 (GCC) 
configure:3863: $? = 0
configure:3852: /cvmfs/sft.cern.ch/lcg/contrib/gcc/4.8/x86_64-slc6/bin/g++ -V >&5
g++: error: unrecognized command line option '-V'
g++: fatal error: no input files
compilation terminated.
configure:3863: $? = 1
configure:3852: /cvmfs/sft.cern.ch/lcg/contrib/gcc/4.8/x86_64-slc6/bin/g++ -qversion >&5
g++: error: unrecognized command line option '-qversion'
g++: fatal error: no input files
compilation terminated.
configure:3863: $? = 1
configure:3867: checking whether we are using the GNU C++ compiler
configure:3886: /cvmfs/sft.cern.ch/lcg/contrib/gcc/4.8/x86_64-slc6/bin/g++ -c   conftest.cpp >&5
configure:3886: $? = 0
configure:3895: result: yes
configure:3904: checking whether /cvmfs/sft.cern.ch/lcg/contrib/gcc/4.8/x86_64-slc6/bin/g++ accepts -g
configure:3924: /cvmfs/sft.cern.ch/lcg/contrib/gcc/4.8/x86_64-slc6/bin/g++ -c -g  conftest.cpp >&5
configure:3924: $? = 0
configure:3965: result: yes
configure:3990: checking dependency style of /cvmfs/sft.cern.ch/lcg/contrib/gcc/4.8/x86_64-slc6/bin/g++
configure:4100: result: gcc3
configure:4144: checking build system type
configure:4158: result: x86_64-unknown-linux-gnu
configure:4178: checking host system type
configure:4191: result: x86_64-unknown-linux-gnu
configure:4232: checking how to print strings
configure:4259: result: printf
configure:4280: checking for a sed that does not truncate output
configure:4344: result: /bin/sed
configure:4362: checking for grep that handles long lines and -e
configure:4420: result: /bin/grep
configure:4425: checking for egrep
configure:4487: result: /bin/grep -E
configure:4492: checking for fgrep
configure:4554: result: /bin/grep -F
configure:4589: checking for ld used by /cvmfs/sft.cern.ch/lcg/contrib/gcc/4.8/x86_64-slc6/bin/gcc
configure:4656: result: /usr/bin/ld
configure:4663: checking if the linker (/usr/bin/ld) is GNU ld
configure:4678: result: yes
configure:4690: checking for BSD- or MS-compatible name lister (nm)
configure:4739: result: /usr/bin/nm -B
configure:4869: checking the name lister (/usr/bin/nm -B) interface
configure:4876: /cvmfs/sft.cern.ch/lcg/contrib/gcc/4.8/x86_64-slc6/bin/gcc -c -g -O2  conftest.c >&5
configure:4879: /usr/bin/nm -B "conftest.o"
configure:4882: output
0000000000000000 B some_variable
configure:4889: result: BSD nm
configure:4892: checking whether ln -s works
configure:4896: result: yes
configure:4904: checking the maximum length of command line arguments
configure:5034: result: 1966080
configure:5051: checking whether the shell understands some XSI constructs
configure:5061: result: yes
configure:5065: checking whether the shell understands "+="
configure:5071: result: yes
configure:5106: checking how to convert x86_64-unknown-linux-gnu file names to x86_64-unknown-linux-gnu format
configure:5146: result: func_convert_file_noop
configure:5153: checking how to convert x86_64-unknown-linux-gnu file names to toolchain format
configure:5173: result: func_convert_file_noop
configure:5180: checking for /usr/bin/ld option to reload object files
configure:5187: result: -r
configure:5261: checking for objdump
configure:5277: found /usr/bin/objdump
configure:5288: result: objdump
configure:5320: checking how to recognize dependent libraries
configure:5522: result: pass_all
configure:5607: checking for dlltool
configure:5637: result: no
configure:5667: checking how to associate runtime and link libraries
configure:5694: result: printf %s\n
configure:5755: checking for ar
configure:5771: found /usr/bin/ar
configure:5782: result: ar
configure:5819: checking for archiver @FILE support
configure:5836: /cvmfs/sft.cern.ch/lcg/contrib/gcc/4.8/x86_64-slc6/bin/gcc -c -g -O2  conftest.c >&5
configure:5836: $? = 0
configure:5839: ar cru libconftest.a @conftest.lst >&5
configure:5842: $? = 0
configure:5847: ar cru libconftest.a @conftest.lst >&5
ar: conftest.o: No such file or directory
configure:5850: $? = 1
configure:5862: result: @
configure:5920: checking for strip
configure:5936: found /usr/bin/strip
configure:5947: result: strip
configure:6019: checking for ranlib
configure:6035: found /usr/bin/ranlib
configure:6046: result: ranlib
configure:6148: checking command to parse /usr/bin/nm -B output from /cvmfs/sft.cern.ch/lcg/contrib/gcc/4.8/x86_64-slc6/bin/gcc object
configure:6268: /cvmfs/sft.cern.ch/lcg/contrib/gcc/4.8/x86_64-slc6/bin/gcc -c -g -O2  conftest.c >&5
configure:6271: $? = 0
configure:6275: /usr/bin/nm -B conftest.o \| sed -n -e 's/^.*[ ]\([ABCDGIRSTW][ABCDGIRSTW]*\)[ ][ ]*\([_A-Za-z][_A-Za-z0-9]*\)$/\1 \2 \2/p' | sed '/ __gnu_lto/d' \> conftest.nm
configure:6278: $? = 0
configure:6344: /cvmfs/sft.cern.ch/lcg/contrib/gcc/4.8/x86_64-slc6/bin/gcc -o conftest -g -O2  -L/afs/desy.de/user/v/volinar/Top_PHYS/Main/lib/:-L/afs/desy.de/user/v/volinar/Top_PHYS/Main/lib/: conftest.c conftstm.o >&5
configure:6347: $? = 0
configure:6385: result: ok
configure:6422: checking for sysroot
configure:6452: result: no
configure:6529: /cvmfs/sft.cern.ch/lcg/contrib/gcc/4.8/x86_64-slc6/bin/gcc -c -g -O2  conftest.c >&5
configure:6532: $? = 0
configure:6708: checking for mt
configure:6738: result: no
configure:6758: checking if : is a manifest tool
configure:6764: : '-?'
configure:6772: result: no
configure:7414: checking how to run the C preprocessor
configure:7445: /cvmfs/sft.cern.ch/lcg/contrib/gcc/4.8/x86_64-slc6/bin/gcc -E  conftest.c
configure:7445: $? = 0
configure:7459: /cvmfs/sft.cern.ch/lcg/contrib/gcc/4.8/x86_64-slc6/bin/gcc -E  conftest.c
conftest.c:11:28: fatal error: ac_nonexistent.h: No such file or directory
 #include <ac_nonexistent.h>
                            ^
compilation terminated.
configure:7459: $? = 1
configure: failed program was:
| /* confdefs.h */
| #define PACKAGE_NAME "APPLgrid"
| #define PACKAGE_TARNAME "applgrid"
| #define PACKAGE_VERSION "1.4.75"
| #define PACKAGE_STRING "APPLgrid 1.4.75"
| #define PACKAGE_BUGREPORT "sutt@cern.ch"
| #define PACKAGE_URL "http://applgrid.hepforge.org"
| #define PACKAGE "applgrid"
| #define VERSION "1.4.75"
| /* end confdefs.h.  */
| #include <ac_nonexistent.h>
configure:7484: result: /cvmfs/sft.cern.ch/lcg/contrib/gcc/4.8/x86_64-slc6/bin/gcc -E
configure:7504: /cvmfs/sft.cern.ch/lcg/contrib/gcc/4.8/x86_64-slc6/bin/gcc -E  conftest.c
configure:7504: $? = 0
configure:7518: /cvmfs/sft.cern.ch/lcg/contrib/gcc/4.8/x86_64-slc6/bin/gcc -E  conftest.c
conftest.c:11:28: fatal error: ac_nonexistent.h: No such file or directory
 #include <ac_nonexistent.h>
                            ^
compilation terminated.
configure:7518: $? = 1
configure: failed program was:
| /* confdefs.h */
| #define PACKAGE_NAME "APPLgrid"
| #define PACKAGE_TARNAME "applgrid"
| #define PACKAGE_VERSION "1.4.75"
| #define PACKAGE_STRING "APPLgrid 1.4.75"
| #define PACKAGE_BUGREPORT "sutt@cern.ch"
| #define PACKAGE_URL "http://applgrid.hepforge.org"
| #define PACKAGE "applgrid"
| #define VERSION "1.4.75"
| /* end confdefs.h.  */
| #include <ac_nonexistent.h>
configure:7547: checking for ANSI C header files
configure:7567: /cvmfs/sft.cern.ch/lcg/contrib/gcc/4.8/x86_64-slc6/bin/gcc -c -g -O2  conftest.c >&5
configure:7567: $? = 0
configure:7640: /cvmfs/sft.cern.ch/lcg/contrib/gcc/4.8/x86_64-slc6/bin/gcc -o conftest -g -O2  -L/afs/desy.de/user/v/volinar/Top_PHYS/Main/lib/:-L/afs/desy.de/user/v/volinar/Top_PHYS/Main/lib/: conftest.c  >&5
configure:7640: $? = 0
configure:7640: ./conftest
configure:7640: $? = 0
configure:7651: result: yes
configure:7664: checking for sys/types.h
configure:7664: /cvmfs/sft.cern.ch/lcg/contrib/gcc/4.8/x86_64-slc6/bin/gcc -c -g -O2  conftest.c >&5
configure:7664: $? = 0
configure:7664: result: yes
configure:7664: checking for sys/stat.h
configure:7664: /cvmfs/sft.cern.ch/lcg/contrib/gcc/4.8/x86_64-slc6/bin/gcc -c -g -O2  conftest.c >&5
configure:7664: $? = 0
configure:7664: result: yes
configure:7664: checking for stdlib.h
configure:7664: /cvmfs/sft.cern.ch/lcg/contrib/gcc/4.8/x86_64-slc6/bin/gcc -c -g -O2  conftest.c >&5
configure:7664: $? = 0
configure:7664: result: yes
configure:7664: checking for string.h
configure:7664: /cvmfs/sft.cern.ch/lcg/contrib/gcc/4.8/x86_64-slc6/bin/gcc -c -g -O2  conftest.c >&5
configure:7664: $? = 0
configure:7664: result: yes
configure:7664: checking for memory.h
configure:7664: /cvmfs/sft.cern.ch/lcg/contrib/gcc/4.8/x86_64-slc6/bin/gcc -c -g -O2  conftest.c >&5
configure:7664: $? = 0
configure:7664: result: yes
configure:7664: checking for strings.h
configure:7664: /cvmfs/sft.cern.ch/lcg/contrib/gcc/4.8/x86_64-slc6/bin/gcc -c -g -O2  conftest.c >&5
configure:7664: $? = 0
configure:7664: result: yes
configure:7664: checking for inttypes.h
configure:7664: /cvmfs/sft.cern.ch/lcg/contrib/gcc/4.8/x86_64-slc6/bin/gcc -c -g -O2  conftest.c >&5
configure:7664: $? = 0
configure:7664: result: yes
configure:7664: checking for stdint.h
configure:7664: /cvmfs/sft.cern.ch/lcg/contrib/gcc/4.8/x86_64-slc6/bin/gcc -c -g -O2  conftest.c >&5
configure:7664: $? = 0
configure:7664: result: yes
configure:7664: checking for unistd.h
configure:7664: /cvmfs/sft.cern.ch/lcg/contrib/gcc/4.8/x86_64-slc6/bin/gcc -c -g -O2  conftest.c >&5
configure:7664: $? = 0
configure:7664: result: yes
configure:7678: checking for dlfcn.h
configure:7678: /cvmfs/sft.cern.ch/lcg/contrib/gcc/4.8/x86_64-slc6/bin/gcc -c -g -O2  conftest.c >&5
configure:7678: $? = 0
configure:7678: result: yes
configure:7895: checking for objdir
configure:7910: result: .libs
configure:8177: checking if /cvmfs/sft.cern.ch/lcg/contrib/gcc/4.8/x86_64-slc6/bin/gcc supports -fno-rtti -fno-exceptions
configure:8195: /cvmfs/sft.cern.ch/lcg/contrib/gcc/4.8/x86_64-slc6/bin/gcc -c -g -O2  -fno-rtti -fno-exceptions conftest.c >&5
cc1: warning: command line option '-fno-rtti' is valid for C++/ObjC++ but not for C [enabled by default]
configure:8199: $? = 0
configure:8212: result: no
configure:8539: checking for /cvmfs/sft.cern.ch/lcg/contrib/gcc/4.8/x86_64-slc6/bin/gcc option to produce PIC
configure:8546: result: -fPIC -DPIC
configure:8554: checking if /cvmfs/sft.cern.ch/lcg/contrib/gcc/4.8/x86_64-slc6/bin/gcc PIC flag -fPIC -DPIC works
configure:8572: /cvmfs/sft.cern.ch/lcg/contrib/gcc/4.8/x86_64-slc6/bin/gcc -c -g -O2  -fPIC -DPIC -DPIC conftest.c >&5
configure:8576: $? = 0
configure:8589: result: yes
configure:8618: checking if /cvmfs/sft.cern.ch/lcg/contrib/gcc/4.8/x86_64-slc6/bin/gcc static flag -static works
configure:8646: result: yes
configure:8661: checking if /cvmfs/sft.cern.ch/lcg/contrib/gcc/4.8/x86_64-slc6/bin/gcc supports -c -o file.o
configure:8682: /cvmfs/sft.cern.ch/lcg/contrib/gcc/4.8/x86_64-slc6/bin/gcc -c -g -O2  -o out/conftest2.o conftest.c >&5
configure:8686: $? = 0
configure:8708: result: yes
configure:8716: checking if /cvmfs/sft.cern.ch/lcg/contrib/gcc/4.8/x86_64-slc6/bin/gcc supports -c -o file.o
configure:8763: result: yes
configure:8796: checking whether the /cvmfs/sft.cern.ch/lcg/contrib/gcc/4.8/x86_64-slc6/bin/gcc linker (/usr/bin/ld -m elf_x86_64) supports shared libraries
configure:9949: result: yes
configure:9986: checking whether -lc should be explicitly linked in
configure:9994: /cvmfs/sft.cern.ch/lcg/contrib/gcc/4.8/x86_64-slc6/bin/gcc -c -g -O2  conftest.c >&5
configure:9997: $? = 0
configure:10012: /cvmfs/sft.cern.ch/lcg/contrib/gcc/4.8/x86_64-slc6/bin/gcc -shared  -fPIC -DPIC conftest.o  -v -Wl,-soname -Wl,conftest -o conftest 2\>\&1 \| /bin/grep  -lc  \>/dev/null 2\>\&1
configure:10015: $? = 0
configure:10029: result: no
configure:10189: checking dynamic linker characteristics
configure:10700: /cvmfs/sft.cern.ch/lcg/contrib/gcc/4.8/x86_64-slc6/bin/gcc -o conftest -g -O2  -L/afs/desy.de/user/v/volinar/Top_PHYS/Main/lib/:-L/afs/desy.de/user/v/volinar/Top_PHYS/Main/lib/: -Wl,-rpath -Wl,/foo conftest.c  >&5
configure:10700: $? = 0
configure:10922: result: GNU/Linux ld.so
configure:11029: checking how to hardcode library paths into programs
configure:11054: result: immediate
configure:11594: checking whether stripping libraries is possible
configure:11599: result: yes
configure:11634: checking if libtool supports shared libraries
configure:11636: result: yes
configure:11639: checking whether to build shared libraries
configure:11660: result: yes
configure:11663: checking whether to build static libraries
configure:11667: result: yes
configure:11690: checking how to run the C++ preprocessor
configure:11717: /cvmfs/sft.cern.ch/lcg/contrib/gcc/4.8/x86_64-slc6/bin/g++ -E  conftest.cpp
configure:11717: $? = 0
configure:11731: /cvmfs/sft.cern.ch/lcg/contrib/gcc/4.8/x86_64-slc6/bin/g++ -E  conftest.cpp
conftest.cpp:23:28: fatal error: ac_nonexistent.h: No such file or directory
 #include <ac_nonexistent.h>
                            ^
compilation terminated.
configure:11731: $? = 1
configure: failed program was:
| /* confdefs.h */
| #define PACKAGE_NAME "APPLgrid"
| #define PACKAGE_TARNAME "applgrid"
| #define PACKAGE_VERSION "1.4.75"
| #define PACKAGE_STRING "APPLgrid 1.4.75"
| #define PACKAGE_BUGREPORT "sutt@cern.ch"
| #define PACKAGE_URL "http://applgrid.hepforge.org"
| #define PACKAGE "applgrid"
| #define VERSION "1.4.75"
| #define STDC_HEADERS 1
| #define HAVE_SYS_TYPES_H 1
| #define HAVE_SYS_STAT_H 1
| #define HAVE_STDLIB_H 1
| #define HAVE_STRING_H 1
| #define HAVE_MEMORY_H 1
| #define HAVE_STRINGS_H 1
| #define HAVE_INTTYPES_H 1
| #define HAVE_STDINT_H 1
| #define HAVE_UNISTD_H 1
| #define HAVE_DLFCN_H 1
| #define LT_OBJDIR ".libs/"
| /* end confdefs.h.  */
| #include <ac_nonexistent.h>
configure:11756: result: /cvmfs/sft.cern.ch/lcg/contrib/gcc/4.8/x86_64-slc6/bin/g++ -E
configure:11776: /cvmfs/sft.cern.ch/lcg/contrib/gcc/4.8/x86_64-slc6/bin/g++ -E  conftest.cpp
configure:11776: $? = 0
configure:11790: /cvmfs/sft.cern.ch/lcg/contrib/gcc/4.8/x86_64-slc6/bin/g++ -E  conftest.cpp
conftest.cpp:23:28: fatal error: ac_nonexistent.h: No such file or directory
 #include <ac_nonexistent.h>
                            ^
compilation terminated.
configure:11790: $? = 1
configure: failed program was:
| /* confdefs.h */
| #define PACKAGE_NAME "APPLgrid"
| #define PACKAGE_TARNAME "applgrid"
| #define PACKAGE_VERSION "1.4.75"
| #define PACKAGE_STRING "APPLgrid 1.4.75"
| #define PACKAGE_BUGREPORT "sutt@cern.ch"
| #define PACKAGE_URL "http://applgrid.hepforge.org"
| #define PACKAGE "applgrid"
| #define VERSION "1.4.75"
| #define STDC_HEADERS 1
| #define HAVE_SYS_TYPES_H 1
| #define HAVE_SYS_STAT_H 1
| #define HAVE_STDLIB_H 1
| #define HAVE_STRING_H 1
| #define HAVE_MEMORY_H 1
| #define HAVE_STRINGS_H 1
| #define HAVE_INTTYPES_H 1
| #define HAVE_STDINT_H 1
| #define HAVE_UNISTD_H 1
| #define HAVE_DLFCN_H 1
| #define LT_OBJDIR ".libs/"
| /* end confdefs.h.  */
| #include <ac_nonexistent.h>
configure:11959: checking for ld used by /cvmfs/sft.cern.ch/lcg/contrib/gcc/4.8/x86_64-slc6/bin/g++
configure:12026: result: /usr/bin/ld -m elf_x86_64
configure:12033: checking if the linker (/usr/bin/ld -m elf_x86_64) is GNU ld
configure:12048: result: yes
configure:12103: checking whether the /cvmfs/sft.cern.ch/lcg/contrib/gcc/4.8/x86_64-slc6/bin/g++ linker (/usr/bin/ld -m elf_x86_64) supports shared libraries
configure:13108: result: yes
configure:13144: /cvmfs/sft.cern.ch/lcg/contrib/gcc/4.8/x86_64-slc6/bin/g++ -c -g -O2  conftest.cpp >&5
configure:13147: $? = 0
configure:13667: checking for /cvmfs/sft.cern.ch/lcg/contrib/gcc/4.8/x86_64-slc6/bin/g++ option to produce PIC
configure:13674: result: -fPIC -DPIC
configure:13682: checking if /cvmfs/sft.cern.ch/lcg/contrib/gcc/4.8/x86_64-slc6/bin/g++ PIC flag -fPIC -DPIC works
configure:13700: /cvmfs/sft.cern.ch/lcg/contrib/gcc/4.8/x86_64-slc6/bin/g++ -c -g -O2  -fPIC -DPIC -DPIC conftest.cpp >&5
configure:13704: $? = 0
configure:13717: result: yes
configure:13740: checking if /cvmfs/sft.cern.ch/lcg/contrib/gcc/4.8/x86_64-slc6/bin/g++ static flag -static works
configure:13768: result: yes
configure:13780: checking if /cvmfs/sft.cern.ch/lcg/contrib/gcc/4.8/x86_64-slc6/bin/g++ supports -c -o file.o
configure:13801: /cvmfs/sft.cern.ch/lcg/contrib/gcc/4.8/x86_64-slc6/bin/g++ -c -g -O2  -o out/conftest2.o conftest.cpp >&5
configure:13805: $? = 0
configure:13827: result: yes
configure:13832: checking if /cvmfs/sft.cern.ch/lcg/contrib/gcc/4.8/x86_64-slc6/bin/g++ supports -c -o file.o
configure:13879: result: yes
configure:13909: checking whether the /cvmfs/sft.cern.ch/lcg/contrib/gcc/4.8/x86_64-slc6/bin/g++ linker (/usr/bin/ld -m elf_x86_64) supports shared libraries
configure:13945: result: yes
configure:14086: checking dynamic linker characteristics
configure:14753: result: GNU/Linux ld.so
configure:14806: checking how to hardcode library paths into programs
configure:14831: result: immediate
configure:14892: checking for ANSI C header files
configure:14996: result: yes
configure:15010: checking for utime.h
configure:15010: /cvmfs/sft.cern.ch/lcg/contrib/gcc/4.8/x86_64-slc6/bin/gcc -c -g -O2  conftest.c >&5
configure:15010: $? = 0
configure:15010: result: yes
configure:15024: checking whether utime accepts a null argument
configure:15053: /cvmfs/sft.cern.ch/lcg/contrib/gcc/4.8/x86_64-slc6/bin/gcc -o conftest -g -O2  -L/afs/desy.de/user/v/volinar/Top_PHYS/Main/lib/:-L/afs/desy.de/user/v/volinar/Top_PHYS/Main/lib/: conftest.c  >&5
configure:15053: $? = 0
configure:15053: ./conftest
configure:15053: $? = 0
configure:15063: result: yes
configure:15091: checking for root
configure:15109: found /cvmfs/sft.cern.ch/lcg/app/releases/ROOT/5.34.19/x86_64-slc6-gcc48-opt/root/bin/root
configure:15122: result: /cvmfs/sft.cern.ch/lcg/app/releases/ROOT/5.34.19/x86_64-slc6-gcc48-opt/root/bin/root
configure:15167: checking for hoppet-config
configure:15185: found /afs/desy.de/user/v/volinar/Top_PHYS/Main/bin//hoppet-config
configure:15198: result: /afs/desy.de/user/v/volinar/Top_PHYS/Main/bin//hoppet-config
configure:15246: checking for lhapdf-config
configure:15264: found /afs/desy.de/user/v/volinar/Top_PHYS/Main/bin//lhapdf-config
configure:15277: result: /afs/desy.de/user/v/volinar/Top_PHYS/Main/bin//lhapdf-config
configure:15471: creating ./config.status

## ---------------------- ##
## Running config.status. ##
## ---------------------- ##

This file was extended by APPLgrid config.status 1.4.75, which was
generated by GNU Autoconf 2.68.  Invocation command line was

  CONFIG_FILES    = 
  CONFIG_HEADERS  = 
  CONFIG_LINKS    = 
  CONFIG_COMMANDS = 
  $ ./config.status 

on nafhh-cms02.desy.de

config.status:1171: creating bin/Makefile
config.status:1171: creating bin/applgrid-config
config.status:1171: creating Makefile
config.status:1171: creating src/Makefile
config.status:1171: creating amconfig.h
config.status:1400: executing depfiles commands
config.status:1400: executing libtool commands

## ---------------- ##
## Cache variables. ##
## ---------------- ##

ac_cv_build=x86_64-unknown-linux-gnu
ac_cv_c_compiler_gnu=yes
ac_cv_cxx_compiler_gnu=yes
ac_cv_env_CCC_set=
ac_cv_env_CCC_value=
ac_cv_env_CC_set=set
ac_cv_env_CC_value=/cvmfs/sft.cern.ch/lcg/contrib/gcc/4.8/x86_64-slc6/bin/gcc
ac_cv_env_CFLAGS_set=
ac_cv_env_CFLAGS_value=
ac_cv_env_CPPFLAGS_set=
ac_cv_env_CPPFLAGS_value=
ac_cv_env_CPP_set=
ac_cv_env_CPP_value=
ac_cv_env_CXXCPP_set=
ac_cv_env_CXXCPP_value=
ac_cv_env_CXXFLAGS_set=
ac_cv_env_CXXFLAGS_value=
ac_cv_env_CXX_set=set
ac_cv_env_CXX_value=/cvmfs/sft.cern.ch/lcg/contrib/gcc/4.8/x86_64-slc6/bin/g++
ac_cv_env_LDFLAGS_set=set
ac_cv_env_LDFLAGS_value=-L/afs/desy.de/user/v/volinar/Top_PHYS/Main/lib/:-L/afs/desy.de/user/v/volinar/Top_PHYS/Main/lib/:
ac_cv_env_LIBS_set=
ac_cv_env_LIBS_value=
ac_cv_env_build_alias_set=
ac_cv_env_build_alias_value=
ac_cv_env_host_alias_set=
ac_cv_env_host_alias_value=
ac_cv_env_target_alias_set=
ac_cv_env_target_alias_value=
ac_cv_func_utime_null=yes
ac_cv_header_dlfcn_h=yes
ac_cv_header_inttypes_h=yes
ac_cv_header_memory_h=yes
ac_cv_header_stdc=yes
ac_cv_header_stdint_h=yes
ac_cv_header_stdlib_h=yes
ac_cv_header_string_h=yes
ac_cv_header_strings_h=yes
ac_cv_header_sys_stat_h=yes
ac_cv_header_sys_types_h=yes
ac_cv_header_unistd_h=yes
ac_cv_header_utime_h=yes
ac_cv_host=x86_64-unknown-linux-gnu
ac_cv_objext=o
ac_cv_path_EGREP='/bin/grep -E'
ac_cv_path_FGREP='/bin/grep -F'
ac_cv_path_GREP=/bin/grep
ac_cv_path_HOPPETPATH=/afs/desy.de/user/v/volinar/Top_PHYS/Main/bin//hoppet-config
ac_cv_path_LHAPDFPATH=/afs/desy.de/user/v/volinar/Top_PHYS/Main/bin//lhapdf-config
ac_cv_path_ROOTPATH=/cvmfs/sft.cern.ch/lcg/app/releases/ROOT/5.34.19/x86_64-slc6-gcc48-opt/root/bin/root
ac_cv_path_SED=/bin/sed
ac_cv_path_install='/usr/bin/install -c'
ac_cv_path_mkdir=/bin/mkdir
ac_cv_prog_AWK=gawk
ac_cv_prog_CPP='/cvmfs/sft.cern.ch/lcg/contrib/gcc/4.8/x86_64-slc6/bin/gcc -E'
ac_cv_prog_CXXCPP='/cvmfs/sft.cern.ch/lcg/contrib/gcc/4.8/x86_64-slc6/bin/g++ -E'
ac_cv_prog_ac_ct_AR=ar
ac_cv_prog_ac_ct_CC=/cvmfs/sft.cern.ch/lcg/contrib/gcc/4.8/x86_64-slc6/bin/gcc
ac_cv_prog_ac_ct_OBJDUMP=objdump
ac_cv_prog_ac_ct_RANLIB=ranlib
ac_cv_prog_ac_ct_STRIP=strip
ac_cv_prog_cc_c89=
ac_cv_prog_cc_g=yes
ac_cv_prog_cxx_g=yes
ac_cv_prog_make_make_set=yes
am_cv_CC_dependencies_compiler_type=gcc3
am_cv_CXX_dependencies_compiler_type=gcc3
lt_cv_ar_at_file=@
lt_cv_archive_cmds_need_lc=no
lt_cv_deplibs_check_method=pass_all
lt_cv_file_magic_cmd='$MAGIC_CMD'
lt_cv_file_magic_test_file=
lt_cv_ld_reload_flag=-r
lt_cv_nm_interface='BSD nm'
lt_cv_objdir=.libs
lt_cv_path_LD=/usr/bin/ld
lt_cv_path_LDCXX='/usr/bin/ld -m elf_x86_64'
lt_cv_path_NM='/usr/bin/nm -B'
lt_cv_path_mainfest_tool=no
lt_cv_prog_compiler_c_o=yes
lt_cv_prog_compiler_c_o_CXX=yes
lt_cv_prog_compiler_pic='-fPIC -DPIC'
lt_cv_prog_compiler_pic_CXX='-fPIC -DPIC'
lt_cv_prog_compiler_pic_works=yes
lt_cv_prog_compiler_pic_works_CXX=yes
lt_cv_prog_compiler_rtti_exceptions=no
lt_cv_prog_compiler_static_works=yes
lt_cv_prog_compiler_static_works_CXX=yes
lt_cv_prog_gnu_ld=yes
lt_cv_prog_gnu_ldcxx=yes
lt_cv_sharedlib_from_linklib_cmd='printf %s\n'
lt_cv_shlibpath_overrides_runpath=no
lt_cv_sys_global_symbol_pipe='sed -n -e '\''s/^.*[	 ]\([ABCDGIRSTW][ABCDGIRSTW]*\)[	 ][	 ]*\([_A-Za-z][_A-Za-z0-9]*\)$/\1 \2 \2/p'\'' | sed '\''/ __gnu_lto/d'\'''
lt_cv_sys_global_symbol_to_c_name_address='sed -n -e '\''s/^: \([^ ]*\)[ ]*$/  {\"\1\", (void *) 0},/p'\'' -e '\''s/^[ABCDGIRSTW]* \([^ ]*\) \([^ ]*\)$/  {"\2", (void *) \&\2},/p'\'''
lt_cv_sys_global_symbol_to_c_name_address_lib_prefix='sed -n -e '\''s/^: \([^ ]*\)[ ]*$/  {\"\1\", (void *) 0},/p'\'' -e '\''s/^[ABCDGIRSTW]* \([^ ]*\) \(lib[^ ]*\)$/  {"\2", (void *) \&\2},/p'\'' -e '\''s/^[ABCDGIRSTW]* \([^ ]*\) \([^ ]*\)$/  {"lib\2", (void *) \&\2},/p'\'''
lt_cv_sys_global_symbol_to_cdecl='sed -n -e '\''s/^T .* \(.*\)$/extern int \1();/p'\'' -e '\''s/^[ABCDGIRSTW]* .* \(.*\)$/extern char \1;/p'\'''
lt_cv_sys_max_cmd_len=1966080
lt_cv_to_host_file_cmd=func_convert_file_noop
lt_cv_to_tool_file_cmd=func_convert_file_noop

## ----------------- ##
## Output variables. ##
## ----------------- ##

ACLOCAL='${SHELL} /nfs/dust/cms/user/volinar/tools/Test_AREA/applgrid-1.4.75/missing --run aclocal-1.11'
AMDEPBACKSLASH='\'
AMDEP_FALSE='#'
AMDEP_TRUE=''
AMTAR='${SHELL} /nfs/dust/cms/user/volinar/tools/Test_AREA/applgrid-1.4.75/missing --run tar'
AR='ar'
AUTOCONF='${SHELL} /nfs/dust/cms/user/volinar/tools/Test_AREA/applgrid-1.4.75/missing --run autoconf'
AUTOHEADER='${SHELL} /nfs/dust/cms/user/volinar/tools/Test_AREA/applgrid-1.4.75/missing --run autoheader'
AUTOMAKE='${SHELL} /nfs/dust/cms/user/volinar/tools/Test_AREA/applgrid-1.4.75/missing --run automake-1.11'
AWK='gawk'
CC='/cvmfs/sft.cern.ch/lcg/contrib/gcc/4.8/x86_64-slc6/bin/gcc'
CCDEPMODE='depmode=gcc3'
CFLAGS='-g -O2'
CPP='/cvmfs/sft.cern.ch/lcg/contrib/gcc/4.8/x86_64-slc6/bin/gcc -E'
CPPFLAGS=''
CXX='/cvmfs/sft.cern.ch/lcg/contrib/gcc/4.8/x86_64-slc6/bin/g++'
CXXCPP='/cvmfs/sft.cern.ch/lcg/contrib/gcc/4.8/x86_64-slc6/bin/g++ -E'
CXXDEPMODE='depmode=gcc3'
CXXFLAGS='-g -O2'
CYGPATH_W='echo'
DEFS='-DHAVE_CONFIG_H'
DEPDIR='.deps'
DLLTOOL='false'
DSYMUTIL=''
DUMPBIN=''
ECHO_C=''
ECHO_N='-n'
ECHO_T=''
EGREP='/bin/grep -E'
EXEEXT=''
FGREP='/bin/grep -F'
GREP='/bin/grep'
HOPPETPATH='/afs/desy.de/user/v/volinar/Top_PHYS/Main/bin//hoppet-config'
HOPPET_LDFLAGS='-L/afs/desy.de/user/v/volinar/Top_PHYS/Main/lib -lhoppet_v1'
INSTALL_DATA='${INSTALL} -m 644'
INSTALL_PROGRAM='${INSTALL}'
INSTALL_SCRIPT='${INSTALL}'
INSTALL_STRIP_PROGRAM='$(install_sh) -c -s'
LD='/usr/bin/ld -m elf_x86_64'
LDFLAGS='-L/afs/desy.de/user/v/volinar/Top_PHYS/Main/lib/:-L/afs/desy.de/user/v/volinar/Top_PHYS/Main/lib/:'
LHAPDFPATH='/afs/desy.de/user/v/volinar/Top_PHYS/Main/bin//lhapdf-config'
LHAPDF_CXXFLAGS=''
LIBOBJS=''
LIBS=''
LIBTOOL='$(SHELL) $(top_builddir)/libtool'
LIPO=''
LN_S='ln -s'
LTLIBOBJS=''
MAKEINFO='${SHELL} /nfs/dust/cms/user/volinar/tools/Test_AREA/applgrid-1.4.75/missing --run makeinfo'
MANIFEST_TOOL=':'
MKDIR_P='/bin/mkdir -p'
NM='/usr/bin/nm -B'
NMEDIT=''
OBJDUMP='objdump'
OBJEXT='o'
OTOOL64=''
OTOOL=''
PACKAGE='applgrid'
PACKAGE_BUGREPORT='sutt@cern.ch'
PACKAGE_NAME='APPLgrid'
PACKAGE_STRING='APPLgrid 1.4.75'
PACKAGE_TARNAME='applgrid'
PACKAGE_URL='http://applgrid.hepforge.org'
PACKAGE_VERSION='1.4.75'
PATH_SEPARATOR=':'
RANLIB='ranlib'
ROOTPATH='/cvmfs/sft.cern.ch/lcg/app/releases/ROOT/5.34.19/x86_64-slc6-gcc48-opt/root/bin/root'
ROOT_CXXFLAGS='-pthread -std=c++11 -Wno-deprecated-declarations -m64 -I/cvmfs/sft.cern.ch/lcg/app/releases/ROOT/5.34.19/x86_64-slc6-gcc48-opt/root/include'
ROOT_LDFLAGS='-m64 -L/cvmfs/sft.cern.ch/lcg/app/releases/ROOT/5.34.19/x86_64-slc6-gcc48-opt/root/lib -lCore -lCint -lRIO -lNet -lHist -lGraf -lGraf3d -lGpad -lTree -lRint -lPostscript -lMatrix -lPhysics -lMathCore -lThread -pthread -lm -ldl -rdynamic'
SED='/bin/sed'
SET_MAKE=''
SHELL='/bin/sh'
STRIP='strip'
USE_HOPPET_FALSE='#'
USE_HOPPET_TRUE=''
USE_LHAPDF_FALSE=''
USE_LHAPDF_TRUE='#'
VERSION='1.4.75'
ac_ct_AR='ar'
ac_ct_CC='/cvmfs/sft.cern.ch/lcg/contrib/gcc/4.8/x86_64-slc6/bin/gcc'
ac_ct_CXX=''
ac_ct_DUMPBIN=''
am__EXEEXT_FALSE=''
am__EXEEXT_TRUE='#'
am__fastdepCC_FALSE='#'
am__fastdepCC_TRUE=''
am__fastdepCXX_FALSE='#'
am__fastdepCXX_TRUE=''
am__include='include'
am__isrc=''
am__leading_dot='.'
am__quote=''
am__tar='${AMTAR} chof - "$$tardir"'
am__untar='${AMTAR} xf -'
bindir='${exec_prefix}/bin'
build='x86_64-unknown-linux-gnu'
build_alias=''
build_cpu='x86_64'
build_os='linux-gnu'
build_vendor='unknown'
datadir='${datarootdir}'
datarootdir='${prefix}/share'
docdir='${datarootdir}/doc/${PACKAGE_TARNAME}'
dvidir='${docdir}'
exec_prefix='${prefix}'
host='x86_64-unknown-linux-gnu'
host_alias=''
host_cpu='x86_64'
host_os='linux-gnu'
host_vendor='unknown'
htmldir='${docdir}'
includedir='${prefix}/include'
infodir='${datarootdir}/info'
install_sh='${SHELL} /nfs/dust/cms/user/volinar/tools/Test_AREA/applgrid-1.4.75/install-sh'
libdir='${exec_prefix}/lib'
libexecdir='${exec_prefix}/libexec'
localedir='${datarootdir}/locale'
localstatedir='${prefix}/var'
mandir='${datarootdir}/man'
mkdir_p='/bin/mkdir -p'
oldincludedir='/usr/include'
pdfdir='${docdir}'
prefix='/nfs/dust/cms/user/volinar/tools/Test_AREA/Main'
program_transform_name='s,x,x,'
psdir='${docdir}'
sbindir='${exec_prefix}/sbin'
sharedstatedir='${prefix}/com'
sysconfdir='${prefix}/etc'
target_alias=''

## ----------- ##
## confdefs.h. ##
## ----------- ##

/* confdefs.h */
#define PACKAGE_NAME "APPLgrid"
#define PACKAGE_TARNAME "applgrid"
#define PACKAGE_VERSION "1.4.75"
#define PACKAGE_STRING "APPLgrid 1.4.75"
#define PACKAGE_BUGREPORT "sutt@cern.ch"
#define PACKAGE_URL "http://applgrid.hepforge.org"
#define PACKAGE "applgrid"
#define VERSION "1.4.75"
#define STDC_HEADERS 1
#define HAVE_SYS_TYPES_H 1
#define HAVE_SYS_STAT_H 1
#define HAVE_STDLIB_H 1
#define HAVE_STRING_H 1
#define HAVE_MEMORY_H 1
#define HAVE_STRINGS_H 1
#define HAVE_INTTYPES_H 1
#define HAVE_STDINT_H 1
#define HAVE_UNISTD_H 1
#define HAVE_DLFCN_H 1
#define LT_OBJDIR ".libs/"
#define STDC_HEADERS 1
#define HAVE_UTIME_H 1
#define HAVE_UTIME_NULL 1
#define HAVE_CERNROOT 1
#define HAVE_HOPPET 1

configure: exit 0
